<?xml version="1.0" encoding="UTF-8"?>
<testsuite xmlns:xsi="http://www.w3.org/2001/XMLSchema-instance" xsi:noNamespaceSchemaLocation="https://maven.apache.org/surefire/maven-surefire-plugin/xsd/surefire-test-report.xsd" name="com.stepdefinition.TestRunner" time="14.814" tests="8" errors="0" skipped="0" failures="0">
  <properties>
[...]
</properties>
  <testcase name="users are enjoying from Random jokes" classname="End to End Tests for Random Jokes API" time="3.581"/>
  <testcase name="users are enjoying particular joke" classname="End to End Tests for Random Jokes API" time="1.289"/>
  <testcase name="users are searching for store #1" classname="End to End Tests for Store API" time="3.54"/>
  <testcase name="users are searching for store #2" classname="End to End Tests for Store API" time="1"/>
  <testcase name="users are searching for store #3" classname="End to End Tests for Store API" time="1.056"/>
  <testcase name="users are searching for store #4" classname="End to End Tests for Store API" time="1.564"/>
  <testcase name="users are searching for store #5" classname="End to End Tests for Store API" time="1.025"/>
  <testcase name="users are searching for store #6" classname="End to End Tests for Store API" time="1.025"/>
</testsuite>